# JRE version: OpenJDK Runtime Environment (8.0_242-b01) (build 1.8.0_242-release-1644-b01)
# Java VM: OpenJDK 64-Bit Server VM (25.242-b01 mixed mode windows-amd64 compressed oops)
Heap:
 PSYoungGen      total 235520K, used 50609K [0x00000000d5580000, 0x00000000e5680000, 0x0000000100000000)
  eden space 217600K, 23% used [0x00000000d5580000,0x00000000d86ec468,0x00000000e2a00000)
  from space 17920K, 0% used [0x00000000e4000000,0x00000000e4000000,0x00000000e5180000)
  to   space 22528K, 0% used [0x00000000e2a00000,0x00000000e2a00000,0x00000000e4000000)
 ParOldGen       total 123904K, used 36217K [0x0000000080000000, 0x0000000087900000, 0x00000000d5580000)
  object space 123904K, 29% used [0x0000000080000000,0x000000008235e5a8,0x0000000087900000)
 Metaspace       used 58947K, capacity 61108K, committed 61360K, reserved 1101824K
  class space    used 8095K, capacity 8612K, committed 8624K, reserved 1048576K
GC Heap History (10 events):
Event: 4.214 GC heap before
{Heap before GC invocations=9 (full 1):
 PSYoungGen      total 141824K, used 20178K [0x00000000d5580000, 0x00000000e0c80000, 0x0000000100000000)
  eden space 129024K, 6% used [0x00000000d5580000,0x00000000d5e1f550,0x00000000dd380000)
  from space 12800K, 88% used [0x00000000dd380000,0x00000000dde95328,0x00000000de000000)
  to   space 14336K, 0% used [0x00000000dfe80000,0x00000000dfe80000,0x00000000e0c80000)
 ParOldGen       total 65536K, used 11421K [0x0000000080000000, 0x0000000084000000, 0x00000000d5580000)
  object space 65536K, 17% used [0x0000000080000000,0x0000000080b27518,0x0000000084000000)
 Metaspace       used 34584K, capacity 35400K, committed 35496K, reserved 1079296K
  class space    used 4750K, capacity 4973K, committed 5040K, reserved 1048576K
Event: 4.220 GC heap after
Heap after GC invocations=9 (full 1):
 PSYoungGen      total 174080K, used 6944K [0x00000000d5580000, 0x00000000e4e00000, 0x0000000100000000)
  eden space 159744K, 0% used [0x00000000d5580000,0x00000000d5580000,0x00000000df180000)
  from space 14336K, 48% used [0x00000000dfe80000,0x00000000e05481c8,0x00000000e0c80000)
  to   space 13312K, 0% used [0x00000000df180000,0x00000000df180000,0x00000000dfe80000)
 ParOldGen       total 65536K, used 11429K [0x0000000080000000, 0x0000000084000000, 0x00000000d5580000)
  object space 65536K, 17% used [0x0000000080000000,0x0000000080b29518,0x0000000084000000)
 Metaspace       used 34584K, capacity 35400K, committed 35496K, reserved 1079296K
  class space    used 4750K, capacity 4973K, committed 5040K, reserved 1048576K
}
Event: 4.220 GC heap before
{Heap before GC invocations=10 (full 2):
 PSYoungGen      total 174080K, used 6944K [0x00000000d5580000, 0x00000000e4e00000, 0x0000000100000000)
  eden space 159744K, 0% used [0x00000000d5580000,0x00000000d5580000,0x00000000df180000)
  from space 14336K, 48% used [0x00000000dfe80000,0x00000000e05481c8,0x00000000e0c80000)
  to   space 13312K, 0% used [0x00000000df180000,0x00000000df180000,0x00000000dfe80000)
 ParOldGen       total 65536K, used 11429K [0x0000000080000000, 0x0000000084000000, 0x00000000d5580000)
  object space 65536K, 17% used [0x0000000080000000,0x0000000080b29518,0x0000000084000000)
 Metaspace       used 34584K, capacity 35400K, committed 35496K, reserved 1079296K
  class space    used 4750K, capacity 4973K, committed 5040K, reserved 1048576K
Event: 4.259 GC heap after
Heap after GC invocations=10 (full 2):
 PSYoungGen      total 174080K, used 0K [0x00000000d5580000, 0x00000000e4e00000, 0x0000000100000000)
  eden space 159744K, 0% used [0x00000000d5580000,0x00000000d5580000,0x00000000df180000)
  from space 14336K, 0% used [0x00000000dfe80000,0x00000000dfe80000,0x00000000e0c80000)
  to   space 13312K, 0% used [0x00000000df180000,0x00000000df180000,0x00000000dfe80000)
 ParOldGen       total 81408K, used 13635K [0x0000000080000000, 0x0000000084f80000, 0x00000000d5580000)
  object space 81408K, 16% used [0x0000000080000000,0x0000000080d50e38,0x0000000084f80000)
 Metaspace       used 34584K, capacity 35400K, committed 35496K, reserved 1079296K
  class space    used 4750K, capacity 4973K, committed 5040K, reserved 1048576K
}
Event: 8.373 GC heap before
{Heap before GC invocations=11 (full 2):
 PSYoungGen      total 174080K, used 159744K [0x00000000d5580000, 0x00000000e4e00000, 0x0000000100000000)
  eden space 159744K, 100% used [0x00000000d5580000,0x00000000df180000,0x00000000df180000)
  from space 14336K, 0% used [0x00000000dfe80000,0x00000000dfe80000,0x00000000e0c80000)
  to   space 13312K, 0% used [0x00000000df180000,0x00000000df180000,0x00000000dfe80000)
 ParOldGen       total 81408K, used 13635K [0x0000000080000000, 0x0000000084f80000, 0x00000000d5580000)
  object space 81408K, 16% used [0x0000000080000000,0x0000000080d50e38,0x0000000084f80000)
 Metaspace       used 49185K, capacity 50746K, committed 50992K, reserved 1093632K
  class space    used 6572K, capacity 6949K, committed 6960K, reserved 1048576K
Event: 8.387 GC heap after
Heap after GC invocations=11 (full 2):
 PSYoungGen      total 173056K, used 13299K [0x00000000d5580000, 0x00000000e5180000, 0x0000000100000000)
  eden space 159744K, 0% used [0x00000000d5580000,0x00000000d5580000,0x00000000df180000)
  from space 13312K, 99% used [0x00000000df180000,0x00000000dfe7ce48,0x00000000dfe80000)
  to   space 17920K, 0% used [0x00000000e4000000,0x00000000e4000000,0x00000000e5180000)
 ParOldGen       total 81408K, used 20216K [0x0000000080000000, 0x0000000084f80000, 0x00000000d5580000)
  object space 81408K, 24% used [0x0000000080000000,0x00000000813be268,0x0000000084f80000)
 Metaspace       used 49185K, capacity 50746K, committed 50992K, reserved 1093632K
  class space    used 6572K, capacity 6949K, committed 6960K, reserved 1048576K
}
Event: 10.183 GC heap before
{Heap before GC invocations=12 (full 2):
 PSYoungGen      total 173056K, used 149786K [0x00000000d5580000, 0x00000000e5180000, 0x0000000100000000)
  eden space 159744K, 85% used [0x00000000d5580000,0x00000000ddac9a20,0x00000000df180000)
  from space 13312K, 99% used [0x00000000df180000,0x00000000dfe7ce48,0x00000000dfe80000)
  to   space 17920K, 0% used [0x00000000e4000000,0x00000000e4000000,0x00000000e5180000)
 ParOldGen       total 81408K, used 20216K [0x0000000080000000, 0x0000000084f80000, 0x00000000d5580000)
  object space 81408K, 24% used [0x0000000080000000,0x00000000813be268,0x0000000084f80000)
 Metaspace       used 57017K, capacity 59078K, committed 59160K, reserved 1099776K
  class space    used 7837K, capacity 8317K, committed 8368K, reserved 1048576K
Event: 10.200 GC heap after
Heap after GC invocations=12 (full 2):
 PSYoungGen      total 235520K, used 17900K [0x00000000d5580000, 0x00000000e5680000, 0x0000000100000000)
  eden space 217600K, 0% used [0x00000000d5580000,0x00000000d5580000,0x00000000e2a00000)
  from space 17920K, 99% used [0x00000000e4000000,0x00000000e517b320,0x00000000e5180000)
  to   space 22528K, 0% used [0x00000000e2a00000,0x00000000e2a00000,0x00000000e4000000)
 ParOldGen       total 81408K, used 26517K [0x0000000080000000, 0x0000000084f80000, 0x00000000d5580000)
  object space 81408K, 32% used [0x0000000080000000,0x00000000819e5458,0x0000000084f80000)
 Metaspace       used 57017K, capacity 59078K, committed 59160K, reserved 1099776K
  class space    used 7837K, capacity 8317K, committed 8368K, reserved 1048576K
}
Event: 10.200 GC heap before
{Heap before GC invocations=13 (full 3):
 PSYoungGen      total 235520K, used 17900K [0x00000000d5580000, 0x00000000e5680000, 0x0000000100000000)
  eden space 217600K, 0% used [0x00000000d5580000,0x00000000d5580000,0x00000000e2a00000)
  from space 17920K, 99% used [0x00000000e4000000,0x00000000e517b320,0x00000000e5180000)
  to   space 22528K, 0% used [0x00000000e2a00000,0x00000000e2a00000,0x00000000e4000000)
 ParOldGen       total 81408K, used 26517K [0x0000000080000000, 0x0000000084f80000, 0x00000000d5580000)
  object space 81408K, 32% used [0x0000000080000000,0x00000000819e5458,0x0000000084f80000)
 Metaspace       used 57017K, capacity 59078K, committed 59160K, reserved 1099776K
  class space    used 7837K, capacity 8317K, committed 8368K, reserved 1048576K
Event: 10.351 GC heap after
Heap after GC invocations=13 (full 3):
 PSYoungGen      total 235520K, used 0K [0x00000000d5580000, 0x00000000e5680000, 0x0000000100000000)
  eden space 217600K, 0% used [0x00000000d5580000,0x00000000d5580000,0x00000000e2a00000)
  from space 17920K, 0% used [0x00000000e4000000,0x00000000e4000000,0x00000000e5180000)
  to   space 22528K, 0% used [0x00000000e2a00000,0x00000000e2a00000,0x00000000e4000000)
 ParOldGen       total 123904K, used 36217K [0x0000000080000000, 0x0000000087900000, 0x00000000d5580000)
  object space 123904K, 29% used [0x0000000080000000,0x000000008235e5a8,0x0000000087900000)
 Metaspace       used 56982K, capacity 58958K, committed 59160K, reserved 1099776K
  class space    used 7826K, capacity 8297K, committed 8368K, reserved 1048576K
}

